
{"message":"500 Server Error","level":"error","timestamp":"2020-04-11 18:50:51"}
{"message":"loggerErrMiddleware undefined ","level":"error","timestamp":"2020-04-11 18:50:51"}
{"message":"500 Server Error","level":"error","timestamp":"2020-04-11 18:52:09"}
{"message":"loggerErrMiddleware  [object Object] ","level":"error","timestamp":"2020-04-11 18:52:09"}
{"message":"500 Server Error","level":"error","timestamp":"2020-04-11 18:52:43"}
{"message":"loggerErrMiddleware  undefined ","level":"error","timestamp":"2020-04-11 18:52:43"}
{"message":"500 Server Error","level":"error","timestamp":"2020-04-11 18:54:32"}
{"message":"loggerErrMiddleware  500 Internal Server Error","level":"error","timestamp":"2020-04-11 18:54:32"}
{"message":"500 Server Error","level":"error","timestamp":"2020-04-11 18:54:57"}
{"message":"loggerErrMiddleware  500 Internal Server Error","level":"error","timestamp":"2020-04-11 18:54:57"}
{"message":"500 Server Error","level":"error","timestamp":"2020-04-11 18:55:14"}
{"message":"loggerErrMiddleware  500 Internal Server Error","level":"error","timestamp":"2020-04-11 18:55:14"}
{"level":"error","message":"","timestamp":"2020-04-11 18:55:48"}
{"message":"loggerErrMiddleware  500 Internal Server Error","level":"error","timestamp":"2020-04-11 18:55:48"}
{"message":"loggerErrMiddleware  500 Internal Server Error","level":"error","timestamp":"2020-04-11 18:58:07"}
{"message":"From loggerErrMiddleware Error  500 Internal Server Error","level":"error","timestamp":"2020-04-11 18:59:07"}
{"message":"From loggerErrMiddleware Error  500 Internal Server Error","level":"error","timestamp":"2020-04-11 19:01:17"}
{"message":"From loggerErrMiddleware Error: Hi  500 Internal Server Error","level":"error","timestamp":"2020-04-11 19:02:19"}
{"message":"From loggerErrMiddleware 500 Internal Server Error","level":"error","timestamp":"2020-04-11 19:03:35"}
{"message":"From loggerErrMiddleware 500 Internal Server Error","level":"error","timestamp":"2020-04-11 19:04:16"}
{"message":"From loggerErrMiddleware 400 Bad Request","level":"error","timestamp":"2020-04-11 19:09:25"}
