2020-04-11 17:47:42 info: App is running on http://localhost:4000
2020-04-11 17:55:29 info: App is running on http://localhost:4000
2020-04-11 18:01:25 info: App is running on http://localhost:4000
2020-04-11 18:03:15 info: App is running on http://localhost:4000
2020-04-11 18:03:33 info: App is running on http://localhost:4000
2020-04-11 18:05:41 info: App is running on http://localhost:4000
2020-04-11 18:05:48 info: App is running on http://localhost:4000
2020-04-11 18:06:22 info: App is running on http://localhost:4000
2020-04-11 18:06:34 info: App is running on http://localhost:4000
2020-04-11 18:06:40 info: App is running on http://localhost:4000
2020-04-11 18:07:06 info: App is running on http://localhost:4000
2020-04-11 18:07:48 info: App is running on http://localhost:4000
2020-04-11 18:09:08 info: App is running on http://localhost:4000
2020-04-11 18:10:23 info: App is running on http://localhost:4000
2020-04-11 18:12:31 info: App is running on http://localhost:4000
2020-04-11 18:12:42 info: App is running on http://localhost:4000
2020-04-11 18:13:06 info: App is running on http://localhost:4000
2020-04-11 18:14:13 info: App is running on http://localhost:4000
2020-04-11 18:14:48 info: App is running on http://localhost:4000
2020-04-11 18:15:03 info: App is running on http://localhost:4000
2020-04-11 18:16:48 info: App is running on http://localhost:4000
2020-04-11 18:16:50 info: App is running on http://localhost:4000
2020-04-11 18:18:29 info: App is running on http://localhost:4000
2020-04-11 18:18:42 info: App is running on http://localhost:4000
2020-04-11 18:19:07 info: App is running on http://localhost:4000
2020-04-11 18:19:29 info: App is running on http://localhost:4000
2020-04-11 18:20:45 info: App is running on http://localhost:4000
2020-04-11 18:21:06 info: App is running on http://localhost:4000
2020-04-11 18:21:25 info: App is running on http://localhost:4000
2020-04-11 18:21:29 error: Bad
2020-04-11 18:22:24 info: App is running on http://localhost:4000
2020-04-11 18:22:26 error: Bad Request
2020-04-11 18:22:59 info: App is running on http://localhost:4000
2020-04-11 18:23:02 error: Bad Request
2020-04-11 18:23:27 info: App is running on http://localhost:4000
2020-04-11 18:23:28 error: [object Object]
2020-04-11 18:23:44 info: App is running on http://localhost:4000
2020-04-11 18:23:46 error: HELLO
2020-04-11 18:24:20 info: App is running on http://localhost:4000
2020-04-11 18:24:45 info: App is running on http://localhost:4000
2020-04-11 18:24:56 info: App is running on http://localhost:4000
2020-04-11 18:25:02 error: HELLO
2020-04-11 18:26:12 info: App is running on http://localhost:4000
2020-04-11 18:26:57 info: App is running on http://localhost:4000
2020-04-11 18:27:01 error: HELLO
2020-04-11 18:27:20 info: App is running on http://localhost:4000
2020-04-11 18:27:32 info: App is running on http://localhost:4000
2020-04-11 18:27:36 error: HELLO
2020-04-11 18:28:33 info: Uncaught Exception thrown: loggder is not definedloggder is not defined
2020-04-11 18:28:47 info: App is running on http://localhost:4000
2020-04-11 18:29:54 info: App is running on http://localhost:4000
2020-04-11 18:30:06 info: Uncaught Exception thrown: loggcer is not definedloggcer is not defined
2020-04-11 18:30:46 info: Uncaught Exception thrown: loggcer is not definedloggcer is not defined
2020-04-11 18:32:23 info: App is running on http://localhost:4000
2020-04-11 18:32:31 error: HELLO
2020-04-11 18:34:26 info: App is running on http://localhost:4000
2020-04-11 18:34:33 error: 400 Bad Request
2020-04-11 18:35:55 info: App is running on http://localhost:4000
2020-04-11 18:36:35 info: App is running on http://localhost:4000
2020-04-11 18:36:38 error: undefined 
2020-04-11 18:37:42 info: App is running on http://localhost:4000
2020-04-11 18:37:46 error: 500 500
2020-04-11 18:40:32 info: App is running on http://localhost:4000
2020-04-11 18:40:37 error: 500 Server Error
2020-04-11 18:41:19 info: App is running on http://localhost:4000
2020-04-11 18:41:25 info: App is running on http://localhost:4000
2020-04-11 18:41:38 info: App is running on http://localhost:4000
2020-04-11 18:42:51 info: App is running on http://localhost:4000
2020-04-11 18:43:23 info: Запрос на адрес http://localhost:4000/users, тип POST, с телом {"name":"string","login":"string","password":"string"}, с параметрами пусто
2020-04-11 18:45:47 info: App is running on http://localhost:4000
2020-04-11 18:48:06 info: App is running on http://localhost:4000
2020-04-11 18:48:35 info: App is running on http://localhost:4000
2020-04-11 18:48:40 info: Запрос на адрес http://localhost:4000/users, тип POST, с телом {"name":"string","login":"string","password":"string"}, с параметрами пусто
2020-04-11 18:50:07 info: App is running on http://localhost:4000
2020-04-11 18:50:13 info: App is running on http://localhost:4000
2020-04-11 18:50:39 info: App is running on http://localhost:4000
2020-04-11 18:50:51 info: Запрос на адрес http://localhost:4000/users, тип POST, с телом {"name":"string","login":"string","password":"string"}, с параметрами пусто
2020-04-11 18:50:51 error: 500 Server Error
2020-04-11 18:50:51 error: loggerErrMiddleware undefined 
2020-04-11 18:52:02 info: App is running on http://localhost:4000
2020-04-11 18:52:09 info: Запрос на адрес http://localhost:4000/users, тип POST, с телом {"name":"string","login":"string","password":"string"}, с параметрами пусто
2020-04-11 18:52:09 error: 500 Server Error
2020-04-11 18:52:09 error: loggerErrMiddleware  [object Object] 
2020-04-11 18:52:42 info: App is running on http://localhost:4000
2020-04-11 18:52:43 info: Запрос на адрес http://localhost:4000/users, тип POST, с телом {"name":"string","login":"string","password":"string"}, с параметрами пусто
2020-04-11 18:52:43 error: 500 Server Error
2020-04-11 18:52:43 error: loggerErrMiddleware  undefined 
2020-04-11 18:53:27 info: App is running on http://localhost:4000
2020-04-11 18:53:49 info: App is running on http://localhost:4000
2020-04-11 18:54:25 info: App is running on http://localhost:4000
2020-04-11 18:54:32 info: Запрос на адрес http://localhost:4000/users, тип POST, с телом {"name":"string","login":"string","password":"string"}, с параметрами пусто
2020-04-11 18:54:32 error: 500 Server Error
2020-04-11 18:54:32 error: loggerErrMiddleware  500 Internal Server Error
2020-04-11 18:54:55 info: App is running on http://localhost:4000
2020-04-11 18:54:57 info: Запрос на адрес http://localhost:4000/users, тип POST, с телом {"name":"string","login":"string","password":"string"}, с параметрами пусто
2020-04-11 18:54:57 error: 500 Server Error
2020-04-11 18:54:57 error: loggerErrMiddleware  500 Internal Server Error
2020-04-11 18:55:09 info: App is running on http://localhost:4000
2020-04-11 18:55:14 info: Запрос на адрес http://localhost:4000/users, тип POST, с телом {"name":"string","login":"string","password":"string"}, с параметрами пусто
2020-04-11 18:55:14 error: 500 Server Error
2020-04-11 18:55:14 error: loggerErrMiddleware  500 Internal Server Error
2020-04-11 18:55:46 info: App is running on http://localhost:4000
2020-04-11 18:55:48 info: Запрос на адрес http://localhost:4000/users, тип POST, с телом {"name":"string","login":"string","password":"string"}, с параметрами пусто
2020-04-11 18:55:48 error: 
2020-04-11 18:55:48 error: loggerErrMiddleware  500 Internal Server Error
2020-04-11 18:58:05 info: App is running on http://localhost:4000
2020-04-11 18:58:07 info: Запрос на адрес http://localhost:4000/users, тип POST, с телом {"name":"string","login":"string","password":"string"}, с параметрами пусто
2020-04-11 18:58:07 error: loggerErrMiddleware  500 Internal Server Error
2020-04-11 18:58:31 info: App is running on http://localhost:4000
2020-04-11 18:59:04 info: App is running on http://localhost:4000
2020-04-11 18:59:07 info: Запрос на адрес http://localhost:4000/users, тип POST, с телом {"name":"string","login":"string","password":"string"}, с параметрами пусто
2020-04-11 18:59:07 error: From loggerErrMiddleware Error  500 Internal Server Error
2020-04-11 19:00:52 info: App is running on http://localhost:4000
2020-04-11 19:00:59 info: Запрос на адрес http://localhost:4000/users, тип POST, с телом {"name":"string","login":"string","password":"string"}, с параметрами пусто
2020-04-11 19:01:06 info: App is running on http://localhost:4000
2020-04-11 19:01:13 info: App is running on http://localhost:4000
2020-04-11 19:01:17 info: Запрос на адрес http://localhost:4000/users, тип POST, с телом {"name":"string","login":"string","password":"string"}, с параметрами пусто
2020-04-11 19:01:17 error: From loggerErrMiddleware Error  500 Internal Server Error
2020-04-11 19:01:53 info: App is running on http://localhost:4000
2020-04-11 19:02:16 info: App is running on http://localhost:4000
2020-04-11 19:02:19 info: Запрос на адрес http://localhost:4000/users, тип POST, с телом {"name":"string","login":"string","password":"string"}, с параметрами пусто
2020-04-11 19:02:19 error: From loggerErrMiddleware Error: Hi  500 Internal Server Error
2020-04-11 19:03:26 info: App is running on http://localhost:4000
2020-04-11 19:03:32 info: App is running on http://localhost:4000
2020-04-11 19:03:35 info: Запрос на адрес http://localhost:4000/users, тип POST, с телом {"name":"string","login":"string","password":"string"}, с параметрами пусто
2020-04-11 19:03:35 error: From loggerErrMiddleware 500 Internal Server Error
2020-04-11 19:04:13 info: App is running on http://localhost:4000
2020-04-11 19:04:16 info: Запрос на адрес http://localhost:4000/users, тип POST, с телом {"name":"string","login":"string","password":"string"}, с параметрами пусто
2020-04-11 19:04:16 error: From loggerErrMiddleware 500 Internal Server Error
2020-04-11 19:06:30 info: App is running on http://localhost:4000
2020-04-11 19:06:44 info: App is running on http://localhost:4000
2020-04-11 19:06:55 info: App is running on http://localhost:4000
2020-04-11 19:06:59 info: Запрос на адрес http://localhost:4000/users, тип POST, с телом {"name":"string","login":"string","password":"string"}, с параметрами пусто
2020-04-11 19:08:09 info: App is running on http://localhost:4000
2020-04-11 19:08:21 info: Запрос на адрес http://localhost:4000/users, тип POST, с телом {"name":"string","login":"string","password":"string"}, с параметрами пусто
2020-04-11 19:09:02 info: App is running on http://localhost:4000
2020-04-11 19:09:22 info: App is running on http://localhost:4000
2020-04-11 19:09:25 info: Запрос на адрес http://localhost:4000/users, тип POST, с телом {"name":"string","login":"string","password":"string"}, с параметрами пусто
2020-04-11 19:09:25 error: From loggerErrMiddleware 400 Bad Request
2020-04-11 19:10:29 info: App is running on http://localhost:4000
2020-04-11 19:10:49 info: App is running on http://localhost:4000
2020-04-11 19:10:56 info: App is running on http://localhost:4000
2020-04-11 19:12:48 info: App is running on http://localhost:4000
2020-04-11 19:12:49 info: Unhandled Rejection at PromiseOops!
2020-04-11 19:13:23 info: Запрос на адрес http://localhost:4000/users, тип POST, с телом {"name":"string","login":"string","password":"string"}, с параметрами пусто
2020-04-11 19:14:18 info: App is running on http://localhost:4000
2020-04-11 19:19:13 info: Uncaught Exception thrown: logdger is not definedlogdger is not defined
2020-04-11 19:19:15 info: App is running on http://localhost:4000
